13 0A 01 00 0D B2 2A B2 2A B2 2A B2 2A 37 13 0A
01 00 0E 71 0D F8 0D F9 0D 74 08 37 13 0A 01 00
12 F8 02 75 08 03 1C 75 0F 37 13 0A 01 00 16 F9
02 F0 0D F1 0D 0F 30 37 13 0A 01 00 1A FC 00 71
0D F8 0D F9 0D 37 13 0A 01 00 1E 74 08 70 1C 27
28 F8 02 37 13 0A 01 00 22 75 08 03 1C 75 0F F9
02 37 13 0A 01 00 26 2C 28 F8 07 75 08 03 18 37
13 0A 01 00 2A 75 0F F9 07 F0 0D F1 0D 37 13 0A
01 00 2E FC 0B 1B 28 70 18 38 28 37 13 0A 01 00
32 74 08 F8 07 75 08 03 18 37 13 0A 01 00 36 75
0F F9 07 00 00 08 00 37 13 0A 01 00 3A 83 12 03
13 74 08 00 3A 37 13 0A 01 00 3E 03 1D 49 28 75
08 00 3A 37 13 0A 01 00 42 03 1D 49 28 FF 30 F0
00 37 13 0A 01 00 46 7F 30 F1 00 A2 28 83 12 37
13 0A 01 00 4A 03 13 FD 01 F9 01 F8 01 37 13 0A
01 00 4E 71 08 70 04 03 19 00 34 37 13 0A 01 00
52 71 08 75 06 FA 00 FA 1B 37 13 0A 01 00 56 FD
09 FB 01 F5 1F 5F 28 37 13 0A 01 00 5A F4 09 F5
09 F4 0A 03 19 37 13 0A 01 00 5E F5 0A F1 1F 66
28 F0 09 37 13 0A 01 00 62 F1 09 F0 0A 03 19 F1
0A 37 13 0A 01 00 66 71 08 75 04 FA 00 FA 1B 37
13 0A 01 00 6A 7B 28 0E 20 7B 18 8E 28 37 13 0A
01 00 6E FD 1F 00 34 F0 09 F1 09 37 13 0A 01 00
72 F0 0A 03 19 F1 0A F8 09 37 13 0A 01 00 76 F9
09 F8 0A 03 19 F9 0A 37 13 0A 01 00 7A 00 34 F5
1F 8A 28 F1 1B 37 13 0A 01 00 7E 86 28 71 08 F9
00 70 08 37 13 0A 01 00 82 F8 00 F1 01 F0 01 6E
28 37 13 0A 01 00 86 F1 01 F0 01 F0 0A 00 34 37
13 0A 01 00 8A F1 09 F0 09 FB 0A 6B 28 37 13 0A
01 00 8E F8 0A 03 19 F9 0A 74 08 37 13 0A 01 00
92 78 02 03 1D 6E 28 75 08 37 13 0A 01 00 96 79
02 03 1D 6E 28 F9 01 37 13 0A 01 00 9A F8 01 F0
0A 03 19 F1 0A 37 13 0A 01 00 9E F1 1F 6E 28 00
00 FF 34 37 13 0A 01 00 A2 08 00 83 12 03 13 F8
01 37 13 0A 01 00 A6 F9 01 10 30 FC 00 71 0D 37
13 0A 01 00 AA F8 0D F9 0D 74 08 F8 02 37 13 0A
01 00 AE 75 08 03 1C 75 0F F9 02 37 13 0A 01 00
B2 03 18 BB 28 74 08 F8 07 37 13 0A 01 00 B6 75
08 03 18 75 0F F9 07 37 13 0A 01 00 BA 03 10 F0
0D F1 0D FC 0B 37 13 0A 01 00 BE A9 28 08 00 83
12 03 13 37 13 0A 01 00 C2 6D 08 A0 3E 84 00 00
08 37 13 0A 01 00 C6 D2 00 6D 08 A0 3E F1 00 37
13 0A 01 00 CA 6E 08 A0 3E 84 00 00 08 37 13 0A
01 00 CE F0 00 71 08 84 00 70 08 37 13 0A 01 00
D2 80 00 6E 08 A0 3E 84 00 37 13 0A 01 00 D6 52
08 80 00 08 00 83 12 37 13 0A 01 00 DA 03 13 D7
01 D8 01 D5 01 37 13 0A 01 00 DE D6 01 D3 01 D4
01 80 30 37 13 0A 01 00 E2 54 06 F0 00 80 30 70
02 37 13 0A 01 00 E6 03 1D EA 28 14 30 53 02 37
13 0A 01 00 EA 03 18 4C 29 57 08 01 3E 37 13 0A
01 00 EE F0 00 00 30 03 18 01 3E 37 13 0A 01 00
F2 58 07 F1 00 40 30 F4 00 37 13 0A 01 00 F6 00
30 F5 00 A3 20 78 08 37 13 0A 01 00 FA F0 00 79
08 F1 00 70 08 37 13 0A 01 00 FE D7 00 71 08 D8
00 57 08 37 13 0A 01 01 02 A0 3E 84 00 00 08 55
07 37 13 0A 01 01 06 F0 00 56 08 03 18 01 3E 37
13 0A 01 01 0A F1 00 40 30 F4 00 00 30 37 13 0A
01 01 0E F5 00 A3 20 78 08 F0 00 37 13 0A 01 01
12 79 08 F1 00 70 08 D5 00 37 13 0A 01 01 16 71
08 D6 00 57 08 ED 00 37 13 0A 01 01 1A 55 08 EE
00 C0 20 57 08 37 13 0A 01 01 1E A0 3E 84 00 00
08 F0 00 37 13 0A 01 01 22 55 08 A0 3E 84 00 00
08 37 13 0A 01 01 26 F0 07 F1 01 03 18 F1 0A 37
13 0A 01 01 2A 40 30 F4 00 00 30 F5 00 37 13 0A
01 01 2E 3A 20 78 08 F0 00 79 08 37 13 0A 01 01
32 F1 00 70 08 A0 3E 84 00 37 13 0A 01 01 36 00
08 D0 00 D1 01 00 30 37 13 0A 01 01 3A D1 00 53
08 20 3E F1 00 37 13 0A 01 01 3E 53 08 20 3E 84
00 00 08 37 13 0A 01 01 42 50 06 F0 00 71 08 84
00 37 13 0A 01 01 46 70 08 80 00 D3 0A 03 19 37
13 0A 01 01 4A D4 0A E1 28 F0 01 F1 01 37 13 0A
01 01 4E 08 00 83 12 03 13 D5 01 37 13 0A 01 01
52 D6 01 D7 01 D8 01 00 30 37 13 0A 01 01 56 58
02 03 1D 5B 29 40 30 37 13 0A 01 01 5A 57 02 03
18 66 29 57 08 37 13 0A 01 01 5E A0 3E 84 00 57
08 80 00 37 13 0A 01 01 62 D7 0A 03 19 D8 0A 55
29 37 13 0A 01 01 66 D7 01 D8 01 00 30 58 02 37
13 0A 01 01 6A 03 1D 6E 29 40 30 57 02 37 13 0A
01 01 6E 03 18 A7 29 57 08 A0 3E 37 13 0A 01 01
72 84 00 00 08 55 07 EB 00 37 13 0A 01 01 76 56
08 03 18 01 3E EC 00 37 13 0A 01 01 7A 11 30 F4
00 00 30 F5 00 37 13 0A 01 01 7E 57 08 F0 00 58
08 F1 00 37 13 0A 01 01 82 A3 20 78 08 F0 00 79
08 37 13 0A 01 01 86 F1 00 70 08 38 3E 84 00 37
13 0A 01 01 8A 00 08 6B 07 F0 00 6C 08 37 13 0A
01 01 8E 03 18 01 3E F1 00 40 30 37 13 0A 01 01
92 F4 00 00 30 F5 00 A3 20 37 13 0A 01 01 96 78
08 F0 00 79 08 F1 00 37 13 0A 01 01 9A 70 08 D5
00 71 08 D6 00 37 13 0A 01 01 9E 57 08 ED 00 55
08 EE 00 37 13 0A 01 01 A2 C0 20 D7 0A 03 19 D8
0A 37 13 0A 01 01 A6 68 29 F0 01 F1 01 08 00 37
13 0A 01 01 AA 83 12 03 13 FB 01 FA 01 37 13 0A
01 01 AE F9 01 80 30 F8 00 F1 0C 37 13 0A 01 01
B2 F0 0C 03 1C BE 29 74 08 37 13 0A 01 01 B6 F9
07 75 08 03 18 75 0F 37 13 0A 01 01 BA FA 07 03
18 FB 0A 03 10 37 13 0A 01 01 BE F0 1F C6 29 74
08 FA 07 37 13 0A 01 01 C2 75 08 03 18 75 0F FB
07 37 13 0A 01 01 C6 FB 0C FA 0C F9 0C F8 0C 37
13 0A 01 01 CA 03 1C B1 29 7B 08 F3 00 37 13 0A
01 01 CE 7A 08 F2 00 79 08 F1 00 37 13 0A 01 01
D2 78 08 F0 00 08 00 83 12 37 13 0A 01 01 D6 03
13 68 08 8A 00 67 08 37 13 0A 01 01 DA 82 00 08
00 9C 30 83 12 37 13 0A 01 01 DE 03 13 F0 00 08
30 F1 00 37 13 0A 01 01 E2 34 08 F4 00 35 08 F5
00 37 13 0A 01 01 E6 AA 21 94 30 F0 07 08 30 37
13 0A 01 01 EA 03 18 01 3E F1 07 42 30 37 13 0A
01 01 EE F4 00 B2 30 F5 00 A3 20 37 13 0A 01 01
F2 78 08 F0 00 79 08 F1 00 37 13 0A 01 01 F6 70
08 B4 00 71 08 B5 00 37 13 0A 01 01 FA FF 30 34
05 F0 00 08 00 37 13 0A 01 01 FE 41 30 83 12 03
13 FC 00 37 13 0A 01 02 02 EE 30 FD 00 FD 0B 04
2A 37 13 0A 01 02 06 FC 0B 04 2A 00 00 08 00 37
13 0A 01 02 0A 3A 30 83 12 03 13 F0 00 37 13 0A
01 02 0E 0E 30 F1 00 36 08 F4 00 37 13 0A 01 02
12 37 08 F5 00 AA 21 17 30 37 13 0A 01 02 16 F0
07 04 30 03 18 01 3E 37 13 0A 01 02 1A F1 07 0F
30 F4 00 6C 30 37 13 0A 01 02 1E F5 00 A3 20 78
08 F0 00 37 13 0A 01 02 22 79 08 F1 00 70 08 B6
00 37 13 0A 01 02 26 71 08 B7 00 FF 30 36 05 37
13 0A 01 02 2A F0 00 08 00 CE 30 83 12 37 13 0A
01 02 2E 03 13 F0 00 03 30 F1 00 37 13 0A 01 02
32 4C 08 F4 00 4D 08 F5 00 37 13 0A 01 02 36 AA
21 FF 30 F0 07 0F 30 37 13 0A 01 02 3A 03 18 01
3E F1 07 18 30 37 13 0A 01 02 3E F4 00 D1 30 F5
00 A3 20 37 13 0A 01 02 42 78 08 F0 00 79 08 F1
00 37 13 0A 01 02 46 70 08 CC 00 71 08 CD 00 37
13 0A 01 02 4A FF 30 4C 05 F0 00 08 00 37 13 0A
01 02 4E 83 12 03 13 69 08 03 17 37 13 0A 01 02
52 8D 00 03 13 6A 08 03 17 37 13 0A 01 02 56 8F
00 83 16 8C 17 0C 14 37 13 0A 01 02 5A 00 00 00
00 83 12 0E 08 37 13 0A 01 02 5E F1 00 F0 01 0C
08 F0 04 37 13 0A 01 02 62 00 30 F1 04 08 00 AA
30 37 13 0A 01 02 66 83 12 03 13 F0 00 10 30 37
13 0A 01 02 6A F1 00 4E 08 F4 00 4F 08 37 13 0A
01 02 6E F5 00 AA 21 C5 30 F0 07 37 13 0A 01 02
72 08 30 03 18 01 3E F1 07 37 13 0A 01 02 76 99
30 F4 00 DA 30 F5 00 37 13 0A 01 02 7A A3 20 78
08 F0 00 79 08 37 13 0A 01 02 7E F1 00 70 08 CE
00 71 08 37 13 0A 01 02 82 CF 00 FF 30 4E 05 F0
00 37 13 0A 01 02 86 08 00 4F 21 D9 20 F0 01 37
13 0A 01 02 8A F1 01 08 00 D5 21 8A 11 37 13 0A
01 02 8E 0A 12 80 00 84 0A E7 0A 37 13 0A 01 02
92 03 19 E8 0A F0 03 03 1D 37 13 0A 01 02 96 8C
2A 08 00 83 16 03 13 37 13 0A 01 02 9A 98 16 90
30 83 12 98 00 37 13 0A 01 02 9E 83 16 87 17 07
13 83 12 37 13 0A 01 02 A2 8C 1E A7 2A 1A 08 F0
00 37 13 0A 01 02 A6 A1 2A 08 00 83 16 03 13 37
13 0A 01 02 AA 98 18 AE 2A 00 00 A8 2A 37 13 0A
01 02 AE 83 12 69 08 99 00 08 00 37 13 0A 01 02
B2 DC 24 0E 30 83 12 03 13 37 13 0A 01 02 B6 D7
00 00 30 D8 00 81 30 37 13 0A 01 02 BA 83 16 99
00 18 15 98 22 37 13 0A 01 02 BE 00 30 4B 06 03
1D F5 2B 37 13 0A 01 02 C2 D5 01 D6 01 00 30 56
02 37 13 0A 01 02 C6 03 1D CA 2A 04 30 55 02 37
13 0A 01 02 CA 03 18 08 2B E9 01 EA 01 37 13 0A
01 02 CE 4E 22 70 08 03 13 E5 00 37 13 0A 01 02
D2 71 08 E6 00 55 08 F0 00 37 13 0A 01 02 D6 56
08 F1 00 02 30 F4 00 37 13 0A 01 02 DA 00 30 F5
00 AA 21 02 30 37 13 0A 01 02 DE F0 07 03 18 F1
0A 70 08 37 13 0A 01 02 E2 5B 3E 84 00 FF 30 65
05 37 13 0A 01 02 E6 F0 00 70 08 80 00 55 08 37
13 0A 01 02 EA F0 00 56 08 F1 00 02 30 37 13 0A
01 02 EE F4 00 00 30 F5 00 AA 21 37 13 0A 01 02
F2 02 30 F0 07 03 18 F1 0A 37 13 0A 01 02 F6 F0
0A 03 19 F1 0A 70 08 37 13 0A 01 02 FA 5B 3E 84
00 66 08 F0 00 37 13 0A 01 02 FE 00 30 E6 1B FF
30 F1 00 37 13 0A 01 03 02 70 08 80 00 D5 0A 03
19 37 13 0A 01 03 06 D6 0A C4 2A 13 30 E9 00 37
13 0A 01 03 0A A8 22 FE 21 0A 30 E9 00 37 13 0A
01 03 0E A8 22 FE 21 01 30 E9 00 37 13 0A 01 03
12 A8 22 FE 21 E9 01 A8 22 37 13 0A 01 03 16 FE
21 0D 30 E9 00 A8 22 37 13 0A 01 03 1A FE 21 D9
01 DA 01 80 30 37 13 0A 01 03 1E 5A 06 F0 00 80
30 70 02 37 13 0A 01 03 22 03 1D 26 2B 08 30 59
02 37 13 0A 01 03 26 03 18 3A 2B 02 30 59 07 37
13 0A 01 03 2A F0 00 5A 08 03 18 01 3E 37 13 0A
01 03 2E F1 00 70 08 5B 3E 84 00 37 13 0A 01 03
32 00 08 E9 00 A8 22 FE 21 37 13 0A 01 03 36 D9
0A 03 19 DA 0A 1D 2B 37 13 0A 01 03 3A 37 30 E9
00 A8 22 03 30 37 13 0A 01 03 3E FB 00 8A 30 FC
00 55 30 37 13 0A 01 03 42 FD 00 FD 0B 43 2B FC
0B 37 13 0A 01 03 46 43 2B FB 0B 43 2B 00 00 37
13 0A 01 03 4A 00 00 04 30 58 02 03 1D 37 13 0A
01 03 4E 51 2B E7 30 57 02 03 18 37 13 0A 01 03
52 E1 2B D5 01 D6 01 00 30 37 13 0A 01 03 56 56
02 03 1D 5B 2B 04 30 37 13 0A 01 03 5A 55 02 03
18 9F 2B 55 08 37 13 0A 01 03 5E 57 07 E9 00 58
08 03 18 37 13 0A 01 03 62 01 3E 56 07 EA 00 4E
22 37 13 0A 01 03 66 70 08 03 13 E5 00 71 08 37
13 0A 01 03 6A E6 00 55 08 F0 00 56 08 37 13 0A
01 03 6E F1 00 02 30 F4 00 00 30 37 13 0A 01 03
72 F5 00 AA 21 02 30 F0 07 37 13 0A 01 03 76 03
18 F1 0A 70 08 5B 3E 37 13 0A 01 03 7A 84 00 FF
30 65 05 F0 00 37 13 0A 01 03 7E 70 08 80 00 55
08 F0 00 37 13 0A 01 03 82 56 08 F1 00 02 30 F4
00 37 13 0A 01 03 86 00 30 F5 00 AA 21 02 30 37
13 0A 01 03 8A F0 07 03 18 F1 0A F0 0A 37 13 0A
01 03 8E 03 19 F1 0A 70 08 5B 3E 37 13 0A 01 03
92 84 00 66 08 F0 00 00 30 37 13 0A 01 03 96 E6
1B FF 30 F1 00 70 08 37 13 0A 01 03 9A 80 00 D5
0A 03 19 D6 0A 37 13 0A 01 03 9E 55 2B 58 08 F0
00 F1 01 37 13 0A 01 03 A2 70 08 DB 00 FF 30 57
05 37 13 0A 01 03 A6 DC 00 13 30 E9 00 A8 22 37
13 0A 01 03 AA FE 21 0A 30 E9 00 A8 22 37 13 0A
01 03 AE FE 21 01 30 E9 00 A8 22 37 13 0A 01 03
B2 FE 21 D9 01 DA 01 80 30 37 13 0A 01 03 B6 5A
06 F0 00 80 30 70 02 37 13 0A 01 03 BA 03 1D BE
2B 0A 30 59 02 37 13 0A 01 03 BE 03 18 CB 2B 59
08 5B 3E 37 13 0A 01 03 C2 84 00 00 08 E9 00 A8
22 37 13 0A 01 03 C6 FE 21 D9 0A 03 19 DA 0A 37
13 0A 01 03 CA B5 2B 37 30 E9 00 A8 22 37 13 0A
01 03 CE 03 30 FB 00 8A 30 FC 00 37 13 0A 01 03
D2 55 30 FD 00 FD 0B D4 2B 37 13 0A 01 03 D6 FC
0B D4 2B FB 0B D4 2B 37 13 0A 01 03 DA 00 00 00
00 04 30 D7 07 37 13 0A 01 03 DE 03 18 D8 0A 4B
2B 13 30 37 13 0A 01 03 E2 E9 00 A8 22 FE 21 01
30 37 13 0A 01 03 E6 E9 00 A8 22 FE 21 03 30 37
13 0A 01 03 EA E9 00 A8 22 FE 21 01 30 37 13 0A
01 03 EE E9 00 A8 22 FE 21 37 30 37 13 0A 01 03
F2 E9 00 A8 22 FE 21 CA 01 37 13 0A 01 03 F6 38
08 43 3A 03 1D A0 2C 37 13 0A 01 03 FA CA 0A D9
01 DA 01 80 30 37 13 0A 01 03 FE 5A 06 F0 00 80
30 70 02 37 13 0A 01 04 02 03 1D 06 2C 64 30 59
02 37 13 0A 01 04 06 03 18 10 2C 2C 22 DC 21 37
13 0A 01 04 0A 0A 22 65 22 D9 0A 03 19 37 13 0A
01 04 0E DA 0A FD 2B 2C 22 70 08 37 13 0A 01 04
12 39 06 F1 00 71 08 77 3A 37 13 0A 01 04 16 03
1D 19 2C CA 0A DC 21 37 13 0A 01 04 1A 70 08 3A
06 F1 00 71 08 37 13 0A 01 04 1E 65 3A 03 1D 22
2C CA 0A 37 13 0A 01 04 22 0A 22 70 08 3B 06 F1
00 37 13 0A 01 04 26 71 08 83 3A 03 1D 2B 2C 37
13 0A 01 04 2A CA 0A 65 22 70 08 3C 06 37 13 0A
01 04 2E F1 00 71 08 3A 3A 03 1D 37 13 0A 01 04
32 34 2C CA 0A 0A 22 70 08 37 13 0A 01 04 36 3D
06 F1 00 71 08 D4 3A 37 13 0A 01 04 3A 03 1D 3D
2C CA 0A DC 21 37 13 0A 01 04 3E 70 08 3E 06 F1
00 71 08 37 13 0A 01 04 42 6A 3A 03 1D 46 2C CA
0A 37 13 0A 01 04 46 2C 22 70 08 3F 06 F1 00 37
13 0A 01 04 4A 71 08 67 3A 03 1D 4F 2C 37 13 0A
01 04 4E CA 0A 2C 22 70 08 40 06 37 13 0A 01 04
52 F1 00 71 08 60 3A 03 1D 37 13 0A 01 04 56 58
2C CA 0A DC 21 70 08 37 13 0A 01 04 5A 41 06 F1
00 71 08 AE 3A 37 13 0A 01 04 5E 03 1D 61 2C CA
0A 0A 22 37 13 0A 01 04 62 70 08 42 06 F1 00 71
08 37 13 0A 01 04 66 2B 3A 03 1D 6A 2C CA 0A 37
13 0A 01 04 6A 65 22 70 08 43 06 F1 00 37 13 0A
01 04 6E 71 08 26 3A 03 1D 73 2C 37 13 0A 01 04
72 CA 0A 65 22 70 08 44 06 37 13 0A 01 04 76 F1
00 71 08 35 3A 03 1D 37 13 0A 01 04 7A 7C 2C CA
0A 0A 22 70 08 37 13 0A 01 04 7E 45 06 F1 00 71
08 6A 3A 37 13 0A 01 04 82 03 1D 85 2C CA 0A DC
21 37 13 0A 01 04 86 70 08 46 06 F1 00 71 08 37
13 0A 01 04 8A AE 3A 03 1D 8E 2C CA 0A 37 13 0A
01 04 8E 2C 22 70 08 47 06 F1 00 37 13 0A 01 04
92 71 08 69 3A 03 1D 97 2C 37 13 0A 01 04 96 CA
0A DC 21 70 08 48 06 37 13 0A 01 04 9A F1 00 71
08 81 3A 03 1D 37 13 0A 01 04 9E A0 2C CA 0A 4A
08 11 3A 37 13 0A 01 04 A2 03 1D A5 2C 87 22 A5
2C 37 13 0A 01 04 A6 FF 3F FF 3F FF 3F FF 3F 37
13 0A 01 04 AA FF 3F 76 34 45 34 66 34 37 13 0A
01 04 AE 62 34 6F 34 19 34 5D 34 37 13 0A 01 04
B2 47 34 3A 34 62 34 7A 34 37 13 0A 01 04 B6 66
34 03 34 68 34 54 34 37 13 0A 01 04 BA 6F 34 23
34 7E 34 01 34 37 13 0A 01 04 BE 5D 34 2F 34 02
34 11 34 37 13 0A 01 04 C2 0F 34 58 34 58 34 58
34 37 13 0A 01 04 C6 58 34 58 34 58 34 58 34 37
13 0A 01 04 CA 58 34 58 34 58 34 58 34 37 13 0A
01 04 CE 58 34 58 34 58 34 58 34 37 13 0A 01 04
D2 58 34 58 34 00 34 00 34 37 13 0A 01 04 D6 00
34 9A 34 03 34 9A 34 37 13 0A 01 04 DA 04 34 FF
3F 20 30 84 00 37 13 0A 01 04 DE 30 30 83 12 03
13 F0 00 37 13 0A 01 04 E2 AB 30 E7 00 04 30 E8
00 37 13 0A 01 04 E6 8C 22 08 00 FF 3F FF 3F 37
13 01 03 01 37 